[NotebookApp | WARNING] No nbgrader_config.py file found (rerun with --debug to see where nbgrader is looking)
[NotebookApp | INFO] Loading the validate_assignment nbgrader serverextension
[NotebookApp | INFO] Serving notebooks from local directory: /Users/allat/Documents/github/pydat19-ap
[NotebookApp | INFO] 0 active kernels
[NotebookApp | INFO] The Jupyter Notebook is running at:
[NotebookApp | INFO] http://localhost:8888/?token=58c18d3a7f22562dfcd2bd8c0d41832cc0e98ee7ae18a457
[NotebookApp | INFO] Use Control-C to stop this server and shut down all kernels (twice to skip confirmation).
[NotebookApp | CRITICAL] 
    
    Copy/paste this URL into your browser when you connect for the first time,
    to login with a token:
        http://localhost:8888/?token=58c18d3a7f22562dfcd2bd8c0d41832cc0e98ee7ae18a457&token=58c18d3a7f22562dfcd2bd8c0d41832cc0e98ee7ae18a457
[NotebookApp | INFO] Accepting one-time-token-authenticated connection from ::1
[NotebookApp | INFO] Creating new notebook in 
[NotebookApp | INFO] Kernel started: 8817b2af-7af9-4c47-8843-1bb66ae45da6
[NotebookApp | INFO] Adapting to protocol v5.1 for kernel 8817b2af-7af9-4c47-8843-1bb66ae45da6
[NotebookApp | INFO] Saving file at /Untitled.ipynb
[NotebookApp | INFO] Saving file at /Untitled.ipynb
[NotebookApp | INFO] Starting buffering for 8817b2af-7af9-4c47-8843-1bb66ae45da6:854667da34ed418c8fe0a95bdfdcddb6
[NotebookApp | WARNING] No nbgrader_config.py file found (rerun with --debug to see where nbgrader is looking)
[NotebookApp | INFO] Loading the validate_assignment nbgrader serverextension
[NotebookApp | INFO] Serving notebooks from local directory: /Users/allat/Documents/github/pydat19-ap
[NotebookApp | INFO] 0 active kernels
[NotebookApp | INFO] The Jupyter Notebook is running at:
[NotebookApp | INFO] http://localhost:8889/?token=fb6f14d3dda249640251b5ba2408a5341d0a4b307ba83698
[NotebookApp | INFO] Use Control-C to stop this server and shut down all kernels (twice to skip confirmation).
[NotebookApp | CRITICAL] 
    
    Copy/paste this URL into your browser when you connect for the first time,
    to login with a token:
        http://localhost:8889/?token=fb6f14d3dda249640251b5ba2408a5341d0a4b307ba83698&token=fb6f14d3dda249640251b5ba2408a5341d0a4b307ba83698
[NotebookApp | INFO] Accepting one-time-token-authenticated connection from ::1
[NotebookApp | INFO] Kernel started: 565d8050-1ac4-4f38-93c9-46d731bee870
[NotebookApp | INFO] Adapting to protocol v5.1 for kernel 565d8050-1ac4-4f38-93c9-46d731bee870
[NotebookApp | WARNING] delete /23-05/numpy-2.ipynb
[NotebookApp | INFO] Saving file at /23-05/intro_pandas.ipynb
[NotebookApp | INFO] Creating new notebook in /23-05
[NotebookApp | INFO] Kernel started: dc998be6-e8e9-4a6c-8848-d7ab510bd8cb
[NotebookApp | INFO] Adapting to protocol v5.1 for kernel dc998be6-e8e9-4a6c-8848-d7ab510bd8cb
[NotebookApp | INFO] Saving file at /23-05/Untitled.ipynb
[NotebookApp | INFO] Saving file at /23-05/Untitled.ipynb
[NotebookApp | INFO] Saving file at /23-05/Untitled.ipynb
[NotebookApp | INFO] Starting buffering for dc998be6-e8e9-4a6c-8848-d7ab510bd8cb:c747798369f24798bd7888797aac386c
