[NotebookApp | WARNING] No nbgrader_config.py file found (rerun with --debug to see where nbgrader is looking)
[NotebookApp | INFO] Loading the validate_assignment nbgrader serverextension
[NotebookApp | INFO] Serving notebooks from local directory: /Users/allat/Documents/github/pydat19-ap/30-05
[NotebookApp | INFO] 0 active kernels
[NotebookApp | INFO] The Jupyter Notebook is running at:
[NotebookApp | INFO] http://localhost:8890/?token=95ed10af601beffee871c250d3dc3e5b9be9737a127b29e1
[NotebookApp | INFO] Use Control-C to stop this server and shut down all kernels (twice to skip confirmation).
[NotebookApp | CRITICAL] 
    
    Copy/paste this URL into your browser when you connect for the first time,
    to login with a token:
        http://localhost:8890/?token=95ed10af601beffee871c250d3dc3e5b9be9737a127b29e1&token=95ed10af601beffee871c250d3dc3e5b9be9737a127b29e1
[NotebookApp | INFO] Accepting one-time-token-authenticated connection from ::1
[NotebookApp | INFO] Kernel started: c9498af2-29b3-4771-8b82-d83ad751f667
[NotebookApp | INFO] Adapting to protocol v5.1 for kernel c9498af2-29b3-4771-8b82-d83ad751f667
[NotebookApp | INFO] Saving file at /pandas-contd.ipynb
[NotebookApp | INFO] Saving file at /pandas-contd.ipynb
[NotebookApp | INFO] Kernel interrupted: c9498af2-29b3-4771-8b82-d83ad751f667
[NotebookApp | INFO] Saving file at /pandas-contd.ipynb
[NotebookApp | INFO] Saving file at /pandas-contd.ipynb
[NotebookApp | INFO] Saving file at /pandas-contd.ipynb
[NotebookApp | INFO] Saving file at /pandas-contd.ipynb
[NotebookApp | INFO] Saving file at /pandas-contd.ipynb
[NotebookApp | INFO] Saving file at /pandas-contd.ipynb
[NotebookApp | INFO] Starting buffering for c9498af2-29b3-4771-8b82-d83ad751f667:258903a991aa4c0281d1c942f77f3bd3
[NotebookApp | INFO] Kernel restarted: c9498af2-29b3-4771-8b82-d83ad751f667
[NotebookApp | INFO] Adapting to protocol v5.1 for kernel c9498af2-29b3-4771-8b82-d83ad751f667
[NotebookApp | INFO] Restoring connection for c9498af2-29b3-4771-8b82-d83ad751f667:258903a991aa4c0281d1c942f77f3bd3
[NotebookApp | INFO] Replaying 10 buffered messages
[NotebookApp | INFO] Kernel interrupted: c9498af2-29b3-4771-8b82-d83ad751f667
[NotebookApp | INFO] Saving file at /pandas-contd.ipynb
[NotebookApp | INFO] Starting buffering for c9498af2-29b3-4771-8b82-d83ad751f667:258903a991aa4c0281d1c942f77f3bd3
[NotebookApp | INFO] Kernel restarted: c9498af2-29b3-4771-8b82-d83ad751f667
[NotebookApp | INFO] Adapting to protocol v5.1 for kernel c9498af2-29b3-4771-8b82-d83ad751f667
[NotebookApp | INFO] Restoring connection for c9498af2-29b3-4771-8b82-d83ad751f667:258903a991aa4c0281d1c942f77f3bd3
[NotebookApp | INFO] Replaying 7 buffered messages
[NotebookApp | INFO] Saving file at /pandas-contd.ipynb
[NotebookApp | INFO] Saving file at /pandas-contd.ipynb
[NotebookApp | INFO] Starting buffering for c9498af2-29b3-4771-8b82-d83ad751f667:258903a991aa4c0281d1c942f77f3bd3
